<?xml version="1.0" encoding="UTF-8"?>
<testng-results skipped="0" failed="0" ignored="3" total="5" passed="2">
  <reporter-output>
    <line>
      <![CDATA[Exception in ExtentManager function]]>
    </line>
    <line>
      <![CDATA[Exception in ExtentManager function]]>
    </line>
    <line>
      <![CDATA[Exception in ExtentManager function]]>
    </line>
    <line>
      <![CDATA[C:\Users\saikiran.nataraja\git\MavenTestNG\target\ExtentReports\Week25\21062017_122611_AutomationTestReport.html]]>
    </line>
    <line>
      <![CDATA[ - PASSED.]]>
    </line>
    <line>
      <![CDATA[Exception in ExtentManager function]]>
    </line>
    <line>
      <![CDATA[ - PASSED.]]>
    </line>
  </reporter-output>
  <suite name="Suite For Regression Pack 1" duration-ms="8597" started-at="2017-06-21T06:56:11Z" finished-at="2017-06-21T06:56:19Z">
    <groups>
    </groups>
    <test name="Test" duration-ms="8597" started-at="2017-06-21T06:56:11Z" finished-at="2017-06-21T06:56:19Z">
      <class name="regressionPack_1.TC001_Extent_InitialSetup">
        <test-method status="PASS" signature="createExtentInstance()[pri:0, instance:regressionPack_1.TC001_Extent_InitialSetup@6df97b55]" name="createExtentInstance" is-config="true" duration-ms="2" started-at="2017-06-21T12:26:17Z" finished-at="2017-06-21T12:26:17Z">
          <reporter-output>
            <line>
              <![CDATA[Exception in ExtentManager function]]>
            </line>
          </reporter-output>
        </test-method> <!-- createExtentInstance -->
        <test-method status="PASS" signature="tc001()[pri:0, instance:regressionPack_1.TC001_Extent_InitialSetup@6df97b55]" name="tc001" duration-ms="6" started-at="2017-06-21T12:26:17Z" finished-at="2017-06-21T12:26:17Z">
          <reporter-output>
          </reporter-output>
        </test-method> <!-- tc001 -->
        <test-method status="PASS" signature="operationsOnTestCompletion(org.testng.ITestResult)[pri:0, instance:regressionPack_1.TC001_Extent_InitialSetup@6df97b55]" name="operationsOnTestCompletion" is-config="true" duration-ms="2" started-at="2017-06-21T12:26:17Z" finished-at="2017-06-21T12:26:17Z">
          <params>
            <param index="0">
              <value>
                <![CDATA[[TestResult name=tc001 status=SUCCESS method=TC001_Extent_InitialSetup.tc001()[pri:0, instance:regressionPack_1.TC001_Extent_InitialSetup@6df97b55] output={null}]]]>
              </value>
            </param>
          </params>
          <reporter-output>
            <line>
              <![CDATA[ - PASSED.]]>
            </line>
          </reporter-output>
        </test-method> <!-- operationsOnTestCompletion -->
        <test-method status="PASS" signature="tearDownFunction()[pri:0, instance:regressionPack_1.TC001_Extent_InitialSetup@6df97b55]" name="tearDownFunction" is-config="true" duration-ms="130" started-at="2017-06-21T12:26:17Z" finished-at="2017-06-21T12:26:17Z">
          <reporter-output>
          </reporter-output>
        </test-method> <!-- tearDownFunction -->
      </class> <!-- regressionPack_1.TC001_Extent_InitialSetup -->
      <class name="regressionPack_1.TC002_Extent_SuiteTest">
        <test-method status="PASS" signature="CreateErrorRepFolder()[pri:0, instance:regressionPack_1.TC002_Extent_SuiteTest@366e2eef]" name="CreateErrorRepFolder" is-config="true" duration-ms="17" started-at="2017-06-21T12:26:11Z" finished-at="2017-06-21T12:26:11Z">
          <reporter-output>
          </reporter-output>
        </test-method> <!-- CreateErrorRepFolder -->
        <test-method status="PASS" signature="browserSetup(java.lang.String)[pri:0, instance:regressionPack_1.TC002_Extent_SuiteTest@366e2eef]" name="browserSetup" is-config="true" duration-ms="4929" started-at="2017-06-21T12:26:11Z" finished-at="2017-06-21T12:26:16Z">
          <params>
            <param index="0">
              <value>
                <![CDATA[chrome]]>
              </value>
            </param>
          </params>
          <reporter-output>
          </reporter-output>
        </test-method> <!-- browserSetup -->
        <test-method status="PASS" signature="createExtentInstance()[pri:0, instance:regressionPack_1.TC002_Extent_SuiteTest@366e2eef]" name="createExtentInstance" is-config="true" duration-ms="825" started-at="2017-06-21T12:26:16Z" finished-at="2017-06-21T12:26:17Z">
          <reporter-output>
            <line>
              <![CDATA[Exception in ExtentManager function]]>
            </line>
            <line>
              <![CDATA[C:\Users\saikiran.nataraja\git\MavenTestNG\target\ExtentReports\Week25\21062017_122611_AutomationTestReport.html]]>
            </line>
          </reporter-output>
        </test-method> <!-- createExtentInstance -->
        <test-method status="PASS" signature="tc002()[pri:0, instance:regressionPack_1.TC002_Extent_SuiteTest@366e2eef]" name="tc002" duration-ms="18" started-at="2017-06-21T12:26:17Z" finished-at="2017-06-21T12:26:17Z">
          <reporter-output>
          </reporter-output>
        </test-method> <!-- tc002 -->
        <test-method status="PASS" signature="operationsOnTestCompletion(org.testng.ITestResult)[pri:0, instance:regressionPack_1.TC002_Extent_SuiteTest@366e2eef]" name="operationsOnTestCompletion" is-config="true" duration-ms="3" started-at="2017-06-21T12:26:17Z" finished-at="2017-06-21T12:26:17Z">
          <params>
            <param index="0">
              <value>
                <![CDATA[[TestResult name=tc002 status=SUCCESS method=TC002_Extent_SuiteTest.tc002()[pri:0, instance:regressionPack_1.TC002_Extent_SuiteTest@366e2eef] output={null}]]]>
              </value>
            </param>
          </params>
          <reporter-output>
            <line>
              <![CDATA[ - PASSED.]]>
            </line>
          </reporter-output>
        </test-method> <!-- operationsOnTestCompletion -->
        <test-method status="PASS" signature="tearDownFunction()[pri:0, instance:regressionPack_1.TC002_Extent_SuiteTest@366e2eef]" name="tearDownFunction" is-config="true" duration-ms="512" started-at="2017-06-21T12:26:17Z" finished-at="2017-06-21T12:26:17Z">
          <reporter-output>
          </reporter-output>
        </test-method> <!-- tearDownFunction -->
        <test-method status="PASS" signature="closeSession()[pri:0, instance:regressionPack_1.TC002_Extent_SuiteTest@366e2eef]" name="closeSession" is-config="true" duration-ms="2147" started-at="2017-06-21T12:26:17Z" finished-at="2017-06-21T12:26:19Z">
          <reporter-output>
          </reporter-output>
        </test-method> <!-- closeSession -->
      </class> <!-- regressionPack_1.TC002_Extent_SuiteTest -->
    </test> <!-- Test -->
  </suite> <!-- Suite For Regression Pack 1 -->
</testng-results>
