<?xml version="1.0" encoding="UTF-8"?>
<!-- Generated by org.testng.reporters.JUnitXMLReporter -->
<testsuite hostname="FI-VDI-C0000018" ignored="3" name="Test" tests="2" failures="0" timestamp="20 Jun 2017 14:03:31 GMT" time="8.219" errors="0">
  <testcase name="tc002" time="0.019" classname="regressionPack_1.TC002_Extent_SuiteTest"/>
  <testcase name="tc001" time="0.002" classname="regressionPack_1.TC001_Extent_InitialSetup"/>
  <testcase name="@BeforeTest browserSetup" time="0.0" classname="functionLibrary.sharedFunctions">
    <ignored/>
  </testcase> <!-- @BeforeTest browserSetup -->
  <testcase name="@BeforeSuite CreateErrorRepFolder" time="0.0" classname="functionLibrary.sharedFunctions">
    <ignored/>
  </testcase> <!-- @BeforeSuite CreateErrorRepFolder -->
  <testcase name="@AfterTest closeSession" time="0.0" classname="functionLibrary.sharedFunctions">
    <ignored/>
  </testcase> <!-- @AfterTest closeSession -->
</testsuite> <!-- Test -->
