<?xml version="1.0" encoding="UTF-8"?>
<!-- Generated by org.testng.reporters.JUnitXMLReporter -->
<testsuite hostname="FI-VDI-C0000018" ignored="3" name="Test" tests="2" failures="0" timestamp="21 Jun 2017 06:56:20 GMT" time="8.597" errors="0">
  <testcase name="tc002" time="0.018" classname="regressionPack_1.TC002_Extent_SuiteTest"/>
  <testcase name="tc001" time="0.006" classname="regressionPack_1.TC001_Extent_InitialSetup"/>
  <testcase name="@BeforeTest browserSetup" time="0.0" classname="functionLibrary.sharedFunctions">
    <ignored/>
  </testcase> <!-- @BeforeTest browserSetup -->
  <testcase name="@BeforeSuite CreateErrorRepFolder" time="0.0" classname="functionLibrary.sharedFunctions">
    <ignored/>
  </testcase> <!-- @BeforeSuite CreateErrorRepFolder -->
  <testcase name="@AfterTest closeSession" time="0.0" classname="functionLibrary.sharedFunctions">
    <ignored/>
  </testcase> <!-- @AfterTest closeSession -->
</testsuite> <!-- Test -->
